<?xml version='1.0' encoding='UTF-8'?>
<testsuite hostname="DESKTOP-3LHL95O" name="CollitionTest" tests="7" errors="0" failures="0" skipped="0" time="0.012" timestamp="2022-01-02T13:05:20">
                     <properties>
      <property name="jline.esc.timeout" value="0"/><property name="java.runtime.name" value="OpenJDK Runtime Environment"/><property name="sun.boot.library.path" value="C:\Program Files\BellSoft\LibericaJDK-8\jre\bin"/><property name="java.vm.version" value="25.282-b08"/><property name="java.vm.vendor" value="BellSoft"/><property name="java.vendor.url" value="https://bell-sw.com/"/><property name="path.separator" value=";"/><property name="jna.loaded" value="true"/><property name="java.vm.name" value="OpenJDK 64-Bit Server VM"/><property name="file.encoding.pkg" value="sun.io"/><property name="user.country" value="IT"/><property name="user.script" value=""/><property name="sun.java.launcher" value="SUN_STANDARD"/><property name="sun.os.patch.level" value=""/><property name="jna.nosys" value="true"/><property name="java.vm.specification.name" value="Java Virtual Machine Specification"/><property name="user.dir" value="C:\Users\camerum\Documents\pro"/><property name="java.runtime.version" value="1.8.0_282-b08"/><property name="java.awt.graphicsenv" value="sun.awt.Win32GraphicsEnvironment"/><property name="java.endorsed.dirs" value="C:\Program Files\BellSoft\LibericaJDK-8\jre\lib\endorsed"/><property name="os.arch" value="amd64"/><property name="java.io.tmpdir" value="C:\Users\camerum\AppData\Local\Temp\"/><property name="line.separator" value="
"/><property name="java.vm.specification.vendor" value="Oracle Corporation"/><property name="log4j.ignoreTCL" value="true"/><property name="user.variant" value=""/><property name="os.name" value="Windows 10"/><property name="sun.jnu.encoding" value="Cp1252"/><property name="jnidispatch.path" value="C:\Users\camerum\AppData\Local\Temp\jna-549364820\jna8002389261782861767.dll"/><property name="java.library.path" value="C:\Program Files\BellSoft\LibericaJDK-8\bin;C:\WINDOWS\Sun\Java\bin;C:\WINDOWS\system32;C:\WINDOWS;C:\Program Files\BellSoft\LibericaJDK-8\\bin;C:\Program Files\BellSoft\LibericaJDK-8\bin\;C:\Program Files\Common Files\Oracle\Java\javapath;C:\Program Files (x86)\Common Files\Oracle\Java\javapath;C:\WINDOWS\system32;C:\WINDOWS;C:\WINDOWS\System32\Wbem;C:\WINDOWS\System32\WindowsPowerShell\v1.0\;C:\WINDOWS\System32\OpenSSH\;C:\Program Files\nodejs\;C:\Program Files\dotnet\;C:\Program Files\MongoDB\Server\4.4\bin;C:\Program Files\Microsoft SQL Server\Client SDK\ODBC\170\Tools\Binn\;C:\Program Files (x86)\Microsoft SQL Server\150\Tools\Binn\;C:\Program Files\Microsoft SQL Server\150\Tools\Binn\;C:\Program Files\Microsoft SQL Server\150\DTS\Binn\;C:\Program Files\Microsoft SQL Server\130\Tools\Binn\;C:\Program Files (x86)\sbt\bin;C:\Program Files (x86)\scala\bin;C:\Program Files\Java\jdk1.8.0_281\bin;C:\Program Files\Java\jdk-11.0.10\bin;C:\Gradle\gradle-7.0\bin;C:\Program Files\CMake\bin;C:\Program Files\Git\cmd;gjfgrg;C:\Users\camerum\AppData\Local\Programs\Python\Python39\Scripts\;C:\Users\camerum\AppData\Local\Programs\Python\Python39\;C:\Program Files\BellSoft\LibericaJDK-8\bin\;C:\Program Files\Common Files\Oracle\Java\javapath;C:\Program Files (x86)\Common Files\Oracle\Java\javapath;C:\WINDOWS\system32;C:\WINDOWS;C:\WINDOWS\System32\Wbem;C:\WINDOWS\System32\WindowsPowerShell\v1.0\;C:\WINDOWS\System32\OpenSSH\;C:\Program Files\nodejs\;C:\Program Files\dotnet\;C:\Program Files\Git\cmd;C:\Program Files\MongoDB\Server\4.4\bin;C:\Program Files\Microsoft SQL Server\Client SDK\ODBC\170\Tools\Binn\;C:\Program Files (x86)\Microsoft SQL Server\150\Tools\Binn\;C:\Program Files\Microsoft SQL Server\150\Tools\Binn\;C:\Program Files\Microsoft SQL Server\150\DTS\Binn\;C:\Program Files\Microsoft SQL Server\130\Tools\Binn\;C:\Program Files (x86)\sbt\bin;C:\Program Files (x86)\scala\bin;C:\Program Files\Java\jdk1.8.0_281\bin;C:\Program Files\Java\jdk-11.0.10\bin;C:\Gradle\gradle-7.0\bin;C:\Users\camerum\AppData\Local\Microsoft\WindowsA;."/><property name="java.specification.name" value="Java Platform API Specification"/><property name="java.class.version" value="52.0"/><property name="sun.management.compiler" value="HotSpot 64-Bit Tiered Compilers"/><property name="os.version" value="10.0"/><property name="swoval.tmpdir" value="C:\Users\camerum\.sbt\1.0"/><property name="user.home" value="C:\Users\camerum"/><property name="user.timezone" value="Europe/Berlin"/><property name="java.awt.printerjob" value="sun.awt.windows.WPrinterJob"/><property name="file.encoding" value="UTF-8"/><property name="java.specification.version" value="1.8"/><property name="java.class.path" value="C:\Program Files (x86)\sbt\\bin\sbt-launch.jar"/><property name="user.name" value="camerum"/><property name="jline.shutdownhook" value="false"/><property name="java.vm.specification.version" value="1.8"/><property name="sun.java.command" value="xsbt.boot.Boot test"/><property name="java.home" value="C:\Program Files\BellSoft\LibericaJDK-8\jre"/><property name="sun.arch.data.model" value="64"/><property name="user.language" value="it"/><property name="java.specification.vendor" value="Oracle Corporation"/><property name="awt.toolkit" value="sun.awt.windows.WToolkit"/><property name="java.vm.info" value="mixed mode"/><property name="java.version" value="1.8.0_282"/><property name="java.ext.dirs" value="C:\Program Files\BellSoft\LibericaJDK-8\jre\lib\ext;C:\WINDOWS\Sun\Java\lib\ext"/><property name="sun.boot.class.path" value="C:\Program Files\BellSoft\LibericaJDK-8\jre\lib\resources.jar;C:\Program Files\BellSoft\LibericaJDK-8\jre\lib\rt.jar;C:\Program Files\BellSoft\LibericaJDK-8\jre\lib\sunrsasign.jar;C:\Program Files\BellSoft\LibericaJDK-8\jre\lib\jsse.jar;C:\Program Files\BellSoft\LibericaJDK-8\jre\lib\jce.jar;C:\Program Files\BellSoft\LibericaJDK-8\jre\lib\charsets.jar;C:\Program Files\BellSoft\LibericaJDK-8\jre\lib\jfr.jar;C:\Program Files\BellSoft\LibericaJDK-8\jre\classes"/><property name="java.vendor" value="BellSoft"/><property name="sun.stderr.encoding" value="cp850"/><property name="file.separator" value="\"/><property name="java.vendor.url.bug" value="https://bell-sw.com/support"/><property name="sun.io.unicode.encoding" value="UnicodeLittle"/><property name="sun.cpu.endian" value="little"/><property name="sun.stdout.encoding" value="cp850"/><property name="sun.desktop" value="windows"/><property name="sun.cpu.isalist" value="amd64"/>
    </properties>
                     <testcase classname="CollitionTest" name="Collision  Effect apply to a Egg when egg collide with simple plant and predactor increase the life of the eggs and would be greatheet that the previeos value" time="0.002">
                                                 
                                               </testcase><testcase classname="CollitionTest" name="Collision  Effect apply to a Egg when egg collide with simple plant and predactor egg life  value" time="0.001">
                                                 
                                               </testcase><testcase classname="CollitionTest" name="Collision  Effect apply to a Egg when egg collide with simple plant and predactor dicrease the life of the egg and would be small than the previeos value" time="0.002">
                                                 
                                               </testcase><testcase classname="CollitionTest" name="kvfv larva and predactor dicrese" time="0.001">
                                                 
                                               </testcase><testcase classname="CollitionTest" name="kvfv increase the life of Larva when collide with a simple plan" time="0.002">
                                                 
                                               </testcase><testcase classname="CollitionTest" name="pu increase the life of adult buuuterflay when collide with a simple plan" time="0.002">
                                                 
                                               </testcase><testcase classname="CollitionTest" name="pu increase the life of larva when collide with a simple plan" time="0.002">
                                                 
                                               </testcase>
                     <system-out><![CDATA[]]></system-out>
                     <system-err><![CDATA[]]></system-err>
                   </testsuite>